Analysis & Synthesis report for up
Fri Sep 11 23:34:07 2020
Quartus II Version 9.0 Build 132 02/25/2009 SJ Full Version


---------------------
; Table of Contents ;
---------------------
  1. Legal Notice
  2. Analysis & Synthesis Summary
  3. Analysis & Synthesis Settings
  4. Analysis & Synthesis Source Files Read
  5. Analysis & Synthesis Resource Usage Summary
  6. Analysis & Synthesis Resource Utilization by Entity
  7. General Register Statistics
  8. Inverted Register Statistics
  9. Multiplexer Restructuring Statistics (Restructuring Performed)
 10. Analysis & Synthesis Messages



----------------
; Legal Notice ;
----------------
Copyright (C) 1991-2009 Altera Corporation
Your use of Altera Corporation's design tools, logic functions 
and other software and tools, and its AMPP partner logic 
functions, and any output files from any of the foregoing 
(including device programming or simulation files), and any 
associated documentation or information are expressly subject 
to the terms and conditions of the Altera Program License 
Subscription Agreement, Altera MegaCore Function License 
Agreement, or other applicable license agreement, including, 
without limitation, that your use is for the sole purpose of 
programming logic devices manufactured by Altera and sold by 
Altera or its authorized distributors.  Please refer to the 
applicable agreement for further details.



+-------------------------------------------------------------------------------+
; Analysis & Synthesis Summary                                                  ;
+------------------------------------+------------------------------------------+
; Analysis & Synthesis Status        ; Successful - Fri Sep 11 23:34:07 2020    ;
; Quartus II Version                 ; 9.0 Build 132 02/25/2009 SJ Full Version ;
; Revision Name                      ; up                                       ;
; Top-level Entity Name              ; up                                       ;
; Family                             ; Cyclone II                               ;
; Total logic elements               ; 122                                      ;
;     Total combinational functions  ; 114                                      ;
;     Dedicated logic registers      ; 41                                       ;
; Total registers                    ; 41                                       ;
; Total pins                         ; 44                                       ;
; Total virtual pins                 ; 0                                        ;
; Total memory bits                  ; 0                                        ;
; Embedded Multiplier 9-bit elements ; 0                                        ;
; Total PLLs                         ; 0                                        ;
+------------------------------------+------------------------------------------+


+----------------------------------------------------------------------------------------------------------+
; Analysis & Synthesis Settings                                                                            ;
+----------------------------------------------------------------+--------------------+--------------------+
; Option                                                         ; Setting            ; Default Value      ;
+----------------------------------------------------------------+--------------------+--------------------+
; Device                                                         ; EP2C70F896C6       ;                    ;
; Top-level entity name                                          ; up                 ; up                 ;
; Family name                                                    ; Cyclone II         ; Stratix II         ;
; Use Generated Physical Constraints File                        ; Off                ;                    ;
; Use smart compilation                                          ; Off                ; Off                ;
; Restructure Multiplexers                                       ; Auto               ; Auto               ;
; Create Debugging Nodes for IP Cores                            ; Off                ; Off                ;
; Preserve fewer node names                                      ; On                 ; On                 ;
; Disable OpenCore Plus hardware evaluation                      ; Off                ; Off                ;
; Verilog Version                                                ; Verilog_2001       ; Verilog_2001       ;
; VHDL Version                                                   ; VHDL93             ; VHDL93             ;
; State Machine Processing                                       ; Auto               ; Auto               ;
; Safe State Machine                                             ; Off                ; Off                ;
; Extract Verilog State Machines                                 ; On                 ; On                 ;
; Extract VHDL State Machines                                    ; On                 ; On                 ;
; Ignore Verilog initial constructs                              ; Off                ; Off                ;
; Iteration limit for constant Verilog loops                     ; 5000               ; 5000               ;
; Iteration limit for non-constant Verilog loops                 ; 250                ; 250                ;
; Add Pass-Through Logic to Inferred RAMs                        ; On                 ; On                 ;
; Parallel Synthesis                                             ; Off                ; Off                ;
; DSP Block Balancing                                            ; Auto               ; Auto               ;
; NOT Gate Push-Back                                             ; On                 ; On                 ;
; Power-Up Don't Care                                            ; On                 ; On                 ;
; Remove Redundant Logic Cells                                   ; Off                ; Off                ;
; Remove Duplicate Registers                                     ; On                 ; On                 ;
; Ignore CARRY Buffers                                           ; Off                ; Off                ;
; Ignore CASCADE Buffers                                         ; Off                ; Off                ;
; Ignore GLOBAL Buffers                                          ; Off                ; Off                ;
; Ignore ROW GLOBAL Buffers                                      ; Off                ; Off                ;
; Ignore LCELL Buffers                                           ; Off                ; Off                ;
; Ignore SOFT Buffers                                            ; On                 ; On                 ;
; Limit AHDL Integers to 32 Bits                                 ; Off                ; Off                ;
; Optimization Technique                                         ; Balanced           ; Balanced           ;
; Carry Chain Length                                             ; 70                 ; 70                 ;
; Auto Carry Chains                                              ; On                 ; On                 ;
; Auto Open-Drain Pins                                           ; On                 ; On                 ;
; Perform WYSIWYG Primitive Resynthesis                          ; Off                ; Off                ;
; Auto ROM Replacement                                           ; On                 ; On                 ;
; Auto RAM Replacement                                           ; On                 ; On                 ;
; Auto Shift Register Replacement                                ; Auto               ; Auto               ;
; Auto Clock Enable Replacement                                  ; On                 ; On                 ;
; Strict RAM Replacement                                         ; Off                ; Off                ;
; Allow Synchronous Control Signals                              ; On                 ; On                 ;
; Force Use of Synchronous Clear Signals                         ; Off                ; Off                ;
; Auto RAM to Logic Cell Conversion                              ; Off                ; Off                ;
; Auto Resource Sharing                                          ; Off                ; Off                ;
; Allow Any RAM Size For Recognition                             ; Off                ; Off                ;
; Allow Any ROM Size For Recognition                             ; Off                ; Off                ;
; Allow Any Shift Register Size For Recognition                  ; Off                ; Off                ;
; Use LogicLock Constraints during Resource Balancing            ; On                 ; On                 ;
; Ignore translate_off and synthesis_off directives              ; Off                ; Off                ;
; Timing-Driven Synthesis                                        ; Off                ; Off                ;
; Show Parameter Settings Tables in Synthesis Report             ; On                 ; On                 ;
; Ignore Maximum Fan-Out Assignments                             ; Off                ; Off                ;
; Synchronization Register Chain Length                          ; 2                  ; 2                  ;
; PowerPlay Power Optimization                                   ; Normal compilation ; Normal compilation ;
; HDL message level                                              ; Level2             ; Level2             ;
; Suppress Register Optimization Related Messages                ; Off                ; Off                ;
; Number of Removed Registers Reported in Synthesis Report       ; 100                ; 100                ;
; Number of Inverted Registers Reported in Synthesis Report      ; 100                ; 100                ;
; Clock MUX Protection                                           ; On                 ; On                 ;
; Auto Gated Clock Conversion                                    ; Off                ; Off                ;
; Block Design Naming                                            ; Auto               ; Auto               ;
; SDC constraint protection                                      ; Off                ; Off                ;
; Synthesis Effort                                               ; Auto               ; Auto               ;
; Allows Asynchronous Clear Usage For Shift Register Replacement ; On                 ; On                 ;
; Analysis & Synthesis Message Level                             ; Medium             ; Medium             ;
+----------------------------------------------------------------+--------------------+--------------------+


+------------------------------------------------------------------------------------------------------------------------------------------------------------------------------------------------------+
; Analysis & Synthesis Source Files Read                                                                                                                                                               ;
+------------------------------------------------------------------+-----------------+-----------------+-----------------------------------------------------------------------------------------------+
; File Name with User-Entered Path                                 ; Used in Netlist ; File Type       ; File Name with Absolute Path                                                                  ;
+------------------------------------------------------------------+-----------------+-----------------+-----------------------------------------------------------------------------------------------+
; ../../UAL/opmux/modelsim/constants.vhd                           ; yes             ; User VHDL File  ; E:/karim/etudes/S2/VHDL/projet_cpu/UAL/opmux/modelsim/constants.vhd                           ;
; ../../mux/source/mux.vhd                                         ; yes             ; User VHDL File  ; E:/karim/etudes/S2/VHDL/projet_cpu/mux/source/mux.vhd                                         ;
; ../source/up.vhd                                                 ; yes             ; User VHDL File  ; E:/karim/etudes/S2/VHDL/projet_cpu/up/source/up.vhd                                           ;
; ../../UAL/registre_1/source/registre_1.vhd                       ; yes             ; User VHDL File  ; E:/karim/etudes/S2/VHDL/projet_cpu/UAL/registre_1/source/registre_1.vhd                       ;
; ../../UAL/opmux/source/opmux.vhd                                 ; yes             ; User VHDL File  ; E:/karim/etudes/S2/VHDL/projet_cpu/UAL/opmux/source/opmux.vhd                                 ;
; ../../UAL/multiplexeur_1/source/multiplexeur_1.vhd               ; yes             ; User VHDL File  ; E:/karim/etudes/S2/VHDL/projet_cpu/UAL/multiplexeur_1/source/multiplexeur_1.vhd               ;
; ../../UAL/flag/source/flag.vhd                                   ; yes             ; User VHDL File  ; E:/karim/etudes/S2/VHDL/projet_cpu/UAL/flag/source/flag.vhd                                   ;
; ../../UAL/alu/source/alu.vhd                                     ; yes             ; User VHDL File  ; E:/karim/etudes/S2/VHDL/projet_cpu/UAL/alu/source/alu.vhd                                     ;
; ../../PC/pc/source/pc.vhd                                        ; yes             ; User VHDL File  ; E:/karim/etudes/S2/VHDL/projet_cpu/PC/pc/source/pc.vhd                                        ;
; ../../PC/multiplexeur/source/mux.vhd                             ; yes             ; User VHDL File  ; E:/karim/etudes/S2/VHDL/projet_cpu/PC/multiplexeur/source/mux.vhd                             ;
; ../../input_output/multiplexeur_4/source/multiplexeur_4.vhd      ; yes             ; User VHDL File  ; E:/karim/etudes/S2/VHDL/projet_cpu/input_output/multiplexeur_4/source/multiplexeur_4.vhd      ;
; ../../input_output/multiplexeur_3/source/multiplexeur_3.vhd      ; yes             ; User VHDL File  ; E:/karim/etudes/S2/VHDL/projet_cpu/input_output/multiplexeur_3/source/multiplexeur_3.vhd      ;
; ../../input_output/multiplexeur_2/source/multiplexeur_2.vhd      ; yes             ; User VHDL File  ; E:/karim/etudes/S2/VHDL/projet_cpu/input_output/multiplexeur_2/source/multiplexeur_2.vhd      ;
; ../../input_output/multiplexeur_1/source/multiplexeur_1.vhd      ; yes             ; User VHDL File  ; E:/karim/etudes/S2/VHDL/projet_cpu/input_output/multiplexeur_1/source/multiplexeur_1.vhd      ;
; ../../input_output/ioh/source/ioh.vhd                            ; yes             ; User VHDL File  ; E:/karim/etudes/S2/VHDL/projet_cpu/input_output/ioh/source/ioh.vhd                            ;
; ../../fetch &opcode manager/top/source/top.vhd                   ; yes             ; User VHDL File  ; E:/karim/etudes/S2/VHDL/projet_cpu/fetch &opcode manager/top/source/top.vhd                   ;
; ../../fetch &opcode manager/registre/source/registre.vhd         ; yes             ; User VHDL File  ; E:/karim/etudes/S2/VHDL/projet_cpu/fetch &opcode manager/registre/source/registre.vhd         ;
; ../../fetch &opcode manager/multiplexeur/source/multiplexeur.vhd ; yes             ; User VHDL File  ; E:/karim/etudes/S2/VHDL/projet_cpu/fetch &opcode manager/multiplexeur/source/multiplexeur.vhd ;
; ../../fetch &opcode manager/fetch/source/registre_2.vhd          ; yes             ; User VHDL File  ; E:/karim/etudes/S2/VHDL/projet_cpu/fetch &opcode manager/fetch/source/registre_2.vhd          ;
+------------------------------------------------------------------+-----------------+-----------------+-----------------------------------------------------------------------------------------------+


+------------------------------------------------------+
; Analysis & Synthesis Resource Usage Summary          ;
+---------------------------------------------+--------+
; Resource                                    ; Usage  ;
+---------------------------------------------+--------+
; Estimated Total logic elements              ; 122    ;
;                                             ;        ;
; Total combinational functions               ; 114    ;
; Logic element usage by number of LUT inputs ;        ;
;     -- 4 input functions                    ; 52     ;
;     -- 3 input functions                    ; 34     ;
;     -- <=2 input functions                  ; 28     ;
;                                             ;        ;
; Logic elements by mode                      ;        ;
;     -- normal mode                          ; 99     ;
;     -- arithmetic mode                      ; 15     ;
;                                             ;        ;
; Total registers                             ; 41     ;
;     -- Dedicated logic registers            ; 41     ;
;     -- I/O registers                        ; 0      ;
;                                             ;        ;
; I/O pins                                    ; 44     ;
; Maximum fan-out node                        ; clk_up ;
; Maximum fan-out                             ; 41     ;
; Total fan-out                               ; 553    ;
; Average fan-out                             ; 2.78   ;
+---------------------------------------------+--------+


+---------------------------------------------------------------------------------------------------------------------------------------------------------------------------------------------+
; Analysis & Synthesis Resource Utilization by Entity                                                                                                                                         ;
+-------------------------------+-------------------+--------------+-------------+--------------+---------+-----------+------+--------------+----------------------------------+--------------+
; Compilation Hierarchy Node    ; LC Combinationals ; LC Registers ; Memory Bits ; DSP Elements ; DSP 9x9 ; DSP 18x18 ; Pins ; Virtual Pins ; Full Hierarchy Name              ; Library Name ;
+-------------------------------+-------------------+--------------+-------------+--------------+---------+-----------+------+--------------+----------------------------------+--------------+
; |up                           ; 114 (0)           ; 41 (0)       ; 0           ; 0            ; 0       ; 0         ; 44   ; 0            ; |up                              ; work         ;
;    |alu:u0|                   ; 69 (0)            ; 16 (0)       ; 0           ; 0            ; 0       ; 0         ; 0    ; 0            ; |up|alu:u0                       ; work         ;
;       |multiplexeur_1:u5|     ; 8 (8)             ; 0 (0)        ; 0           ; 0            ; 0       ; 0         ; 0    ; 0            ; |up|alu:u0|multiplexeur_1:u5     ; work         ;
;       |opmux:u0|              ; 61 (61)           ; 0 (0)        ; 0           ; 0            ; 0       ; 0         ; 0    ; 0            ; |up|alu:u0|opmux:u0              ; work         ;
;       |registre_1:u3|         ; 0 (0)             ; 8 (8)        ; 0           ; 0            ; 0       ; 0         ; 0    ; 0            ; |up|alu:u0|registre_1:u3         ; work         ;
;       |registre_1:u4|         ; 0 (0)             ; 8 (8)        ; 0           ; 0            ; 0       ; 0         ; 0    ; 0            ; |up|alu:u0|registre_1:u4         ; work         ;
;    |ioh:u4|                   ; 13 (0)            ; 0 (0)        ; 0           ; 0            ; 0       ; 0         ; 0    ; 0            ; |up|ioh:u4                       ; work         ;
;       |multiplexeur_2_ioh:u1| ; 12 (12)           ; 0 (0)        ; 0           ; 0            ; 0       ; 0         ; 0    ; 0            ; |up|ioh:u4|multiplexeur_2_ioh:u1 ; work         ;
;       |multiplexeur_3_ioh:u2| ; 1 (1)             ; 0 (0)        ; 0           ; 0            ; 0       ; 0         ; 0    ; 0            ; |up|ioh:u4|multiplexeur_3_ioh:u2 ; work         ;
;    |pc:u1|                    ; 15 (0)            ; 8 (0)        ; 0           ; 0            ; 0       ; 0         ; 0    ; 0            ; |up|pc:u1                        ; work         ;
;       |mux:u0|                ; 7 (7)             ; 0 (0)        ; 0           ; 0            ; 0       ; 0         ; 0    ; 0            ; |up|pc:u1|mux:u0                 ; work         ;
;       |registre_1:u1|         ; 8 (8)             ; 8 (8)        ; 0           ; 0            ; 0       ; 0         ; 0    ; 0            ; |up|pc:u1|registre_1:u1          ; work         ;
;    |top:u3|                   ; 17 (0)            ; 17 (0)       ; 0           ; 0            ; 0       ; 0         ; 0    ; 0            ; |up|top:u3                       ; work         ;
;       |multiplexeur:u0|       ; 16 (16)           ; 0 (0)        ; 0           ; 0            ; 0       ; 0         ; 0    ; 0            ; |up|top:u3|multiplexeur:u0       ; work         ;
;       |registre:u1|           ; 0 (0)             ; 16 (16)      ; 0           ; 0            ; 0       ; 0         ; 0    ; 0            ; |up|top:u3|registre:u1           ; work         ;
;       |registre_2:u2|         ; 1 (1)             ; 1 (1)        ; 0           ; 0            ; 0       ; 0         ; 0    ; 0            ; |up|top:u3|registre_2:u2         ; work         ;
+-------------------------------+-------------------+--------------+-------------+--------------+---------+-----------+------+--------------+----------------------------------+--------------+
Note: For table entries with two numbers listed, the numbers in parentheses indicate the number of resources of the given type used by the specific entity alone. The numbers listed outside of parentheses indicate the total resources of the given type used by the specific entity and all of its sub-entities in the hierarchy.


+------------------------------------------------------+
; General Register Statistics                          ;
+----------------------------------------------+-------+
; Statistic                                    ; Value ;
+----------------------------------------------+-------+
; Total registers                              ; 41    ;
; Number of registers using Synchronous Clear  ; 0     ;
; Number of registers using Synchronous Load   ; 8     ;
; Number of registers using Asynchronous Clear ; 41    ;
; Number of registers using Asynchronous Load  ; 0     ;
; Number of registers using Clock Enable       ; 16    ;
; Number of registers using Preset             ; 0     ;
+----------------------------------------------+-------+


+--------------------------------------------------+
; Inverted Register Statistics                     ;
+----------------------------------------+---------+
; Inverted Register                      ; Fan out ;
+----------------------------------------+---------+
; top:u3|registre_2:u2|data_out_reg_2    ; 27      ;
; Total number of inverted registers = 1 ;         ;
+----------------------------------------+---------+


+------------------------------------------------------------------------------------------------------------------------------------------------------------+
; Multiplexer Restructuring Statistics (Restructuring Performed)                                                                                             ;
+--------------------+-----------+---------------+----------------------+------------------------+------------+----------------------------------------------+
; Multiplexer Inputs ; Bus Width ; Baseline Area ; Area if Restructured ; Saving if Restructured ; Registered ; Example Multiplexer Output                   ;
+--------------------+-----------+---------------+----------------------+------------------------+------------+----------------------------------------------+
; 3:1                ; 8 bits    ; 16 LEs        ; 16 LEs               ; 0 LEs                  ; No         ; |up|ioh:u4|multiplexeur_2_ioh:u1|addbus_2[1] ;
; 5:1                ; 8 bits    ; 24 LEs        ; 16 LEs               ; 8 LEs                  ; No         ; |up|alu:u0|opmux:u0|Add0                     ;
; 6:1                ; 8 bits    ; 32 LEs        ; 16 LEs               ; 16 LEs                 ; No         ; |up|alu:u0|opmux:u0|Add0                     ;
; 18:1               ; 8 bits    ; 96 LEs        ; 32 LEs               ; 64 LEs                 ; No         ; |up|alu:u0|opmux:u0|opmux_dout[0]            ;
+--------------------+-----------+---------------+----------------------+------------------------+------------+----------------------------------------------+


+-------------------------------+
; Analysis & Synthesis Messages ;
+-------------------------------+
Info: *******************************************************************
Info: Running Quartus II Analysis & Synthesis
    Info: Version 9.0 Build 132 02/25/2009 SJ Full Version
    Info: Processing started: Fri Sep 11 23:33:56 2020
Info: Command: quartus_map --read_settings_files=on --write_settings_files=off up -c up
Info: Found 2 design units, including 0 entities, in source file ../../UAL/opmux/modelsim/constants.vhd
    Info: Found design unit 1: Constants
    Info: Found design unit 2: Constants-body
Info: Found 2 design units, including 1 entities, in source file ../../mux/source/mux.vhd
    Info: Found design unit 1: mux_up-RTL
    Info: Found entity 1: mux_up
Info: Found 2 design units, including 1 entities, in source file ../source/up.vhd
    Info: Found design unit 1: up-RTL
    Info: Found entity 1: up
Info: Found 2 design units, including 1 entities, in source file ../../UAL/registre_1/source/registre_1.vhd
    Info: Found design unit 1: registre_1-RTL
    Info: Found entity 1: registre_1
Info: Found 2 design units, including 1 entities, in source file ../../UAL/opmux/source/opmux.vhd
    Info: Found design unit 1: opmux-RTL
    Info: Found entity 1: opmux
Info: Found 2 design units, including 1 entities, in source file ../../UAL/multiplexeur_1/source/multiplexeur_1.vhd
    Info: Found design unit 1: multiplexeur_1-RTL
    Info: Found entity 1: multiplexeur_1
Info: Found 2 design units, including 1 entities, in source file ../../UAL/flag/source/flag.vhd
    Info: Found design unit 1: flag-RTL
    Info: Found entity 1: flag
Info: Found 2 design units, including 1 entities, in source file ../../UAL/alu/source/alu.vhd
    Info: Found design unit 1: alu-RTL
    Info: Found entity 1: alu
Info: Found 2 design units, including 1 entities, in source file ../../PC/pc/source/pc.vhd
    Info: Found design unit 1: pc-RTL
    Info: Found entity 1: pc
Warning: Entity "mux" obtained from "E:/karim/etudes/S2/VHDL/projet_cpu/PC/multiplexeur/source/mux.vhd" instead of from Quartus II megafunction library
Info: Found 2 design units, including 1 entities, in source file ../../PC/multiplexeur/source/mux.vhd
    Info: Found design unit 1: mux-RTL
    Info: Found entity 1: mux
Info: Found 2 design units, including 1 entities, in source file ../../input_output/multiplexeur_4/source/multiplexeur_4.vhd
    Info: Found design unit 1: multiplexeur_4_ioh-RTL
    Info: Found entity 1: multiplexeur_4_ioh
Info: Found 2 design units, including 1 entities, in source file ../../input_output/multiplexeur_3/source/multiplexeur_3.vhd
    Info: Found design unit 1: multiplexeur_3_ioh-RTL
    Info: Found entity 1: multiplexeur_3_ioh
Info: Found 2 design units, including 1 entities, in source file ../../input_output/multiplexeur_2/source/multiplexeur_2.vhd
    Info: Found design unit 1: multiplexeur_2_ioh-RTL
    Info: Found entity 1: multiplexeur_2_ioh
Info: Found 2 design units, including 1 entities, in source file ../../input_output/multiplexeur_1/source/multiplexeur_1.vhd
    Info: Found design unit 1: multiplexeur_1_ioh-RTL
    Info: Found entity 1: multiplexeur_1_ioh
Info: Found 2 design units, including 1 entities, in source file ../../input_output/ioh/source/ioh.vhd
    Info: Found design unit 1: ioh-RTL
    Info: Found entity 1: ioh
Info: Found 2 design units, including 1 entities, in source file ../../fetch &opcode manager/top/source/top.vhd
    Info: Found design unit 1: top-RTL
    Info: Found entity 1: top
Info: Found 2 design units, including 1 entities, in source file ../../fetch &opcode manager/registre/source/registre.vhd
    Info: Found design unit 1: registre-RTL
    Info: Found entity 1: registre
Info: Found 2 design units, including 1 entities, in source file ../../fetch &opcode manager/multiplexeur/source/multiplexeur.vhd
    Info: Found design unit 1: multiplexeur-RTL
    Info: Found entity 1: multiplexeur
Info: Found 2 design units, including 1 entities, in source file ../../fetch &opcode manager/fetch/source/registre_2.vhd
    Info: Found design unit 1: registre_2-RTL
    Info: Found entity 1: registre_2
Info: Elaborating entity "up" for the top level hierarchy
Info: Elaborating entity "alu" for hierarchy "alu:u0"
Info: Elaborating entity "opmux" for hierarchy "alu:u0|opmux:u0"
Info: Elaborating entity "multiplexeur_1" for hierarchy "alu:u0|multiplexeur_1:u1"
Info: Elaborating entity "registre_1" for hierarchy "alu:u0|registre_1:u3"
Info: Elaborating entity "flag" for hierarchy "alu:u0|flag:u6"
Info: Elaborating entity "pc" for hierarchy "pc:u1"
Info: Elaborating entity "mux" for hierarchy "pc:u1|mux:u0"
Info: Elaborating entity "mux_up" for hierarchy "mux_up:u2"
Info: Elaborating entity "top" for hierarchy "top:u3"
Info: Elaborating entity "multiplexeur" for hierarchy "top:u3|multiplexeur:u0"
Info: Elaborating entity "registre" for hierarchy "top:u3|registre:u1"
Info: Elaborating entity "registre_2" for hierarchy "top:u3|registre_2:u2"
Info: Elaborating entity "ioh" for hierarchy "ioh:u4"
Info: Elaborating entity "multiplexeur_1_ioh" for hierarchy "ioh:u4|multiplexeur_1_ioh:u0"
Info: Elaborating entity "multiplexeur_2_ioh" for hierarchy "ioh:u4|multiplexeur_2_ioh:u1"
Info: Elaborating entity "multiplexeur_3_ioh" for hierarchy "ioh:u4|multiplexeur_3_ioh:u2"
Info: Elaborating entity "multiplexeur_4_ioh" for hierarchy "ioh:u4|multiplexeur_4_ioh:u3"
Info: Registers with preset signals will power-up high
Info: DEV_CLRn pin will set, and not reset, register with preset signal due to NOT Gate Push-Back
Info: Implemented 174 device resources after synthesis - the final resource count might be different
    Info: Implemented 18 input pins
    Info: Implemented 26 output pins
    Info: Implemented 130 logic cells
Info: Quartus II Analysis & Synthesis was successful. 0 errors, 1 warning
    Info: Peak virtual memory: 233 megabytes
    Info: Processing ended: Fri Sep 11 23:34:07 2020
    Info: Elapsed time: 00:00:11
    Info: Total CPU time (on all processors): 00:00:06


